# JRE version: OpenJDK Runtime Environment Temurin-21.0.8+9 (21.0.8+9) (build 21.0.8+9-LTS)
# Java VM: OpenJDK 64-Bit Server VM Temurin-21.0.8+9 (21.0.8+9-LTS, mixed mode, sharing, tiered, compressed oops, compressed class ptrs, parallel gc, windows-amd64)
GC Precious Log:
 CardTable entry size: 512
 CPUs: 12 total, 12 available
 Memory: 7560M
 Large Page Support: Disabled
 NUMA Support: Disabled
 Compressed Oops: Enabled (32-bit)
 Alignments: Space 512K, Generation 512K, Heap 2M
 Heap Min Capacity: 100M
 Heap Initial Capacity: 100M
 Heap Max Capacity: 2G
 Pre-touch: Disabled
 Parallel Workers: 10
Heap:
 PSYoungGen      total 3584K, used 3104K [0x00000000d5580000, 0x00000000d5a00000, 0x0000000100000000)
  eden space 2560K, 100% used [0x00000000d5580000,0x00000000d5800000,0x00000000d5800000)
  from space 1024K, 53% used [0x00000000d5800000,0x00000000d5888000,0x00000000d5900000)
  to   space 1024K, 0% used [0x00000000d5900000,0x00000000d5900000,0x00000000d5a00000)
 ParOldGen       total 761856K, used 761319K [0x0000000080000000, 0x00000000ae800000, 0x00000000d5580000)
  object space 761856K, 99% used [0x0000000080000000,0x00000000ae779f58,0x00000000ae800000)
 Metaspace       used 75156K, committed 76800K, reserved 1179648K
  class space    used 7950K, committed 8704K, reserved 1048576K
GC Heap History (20 events):
Event: 334.970 GC heap before
{Heap before GC invocations=996 (full 4):
 PSYoungGen      total 3584K, used 2976K [0x00000000d5580000, 0x00000000d5a00000, 0x0000000100000000)
  eden space 2560K, 100% used [0x00000000d5580000,0x00000000d5800000,0x00000000d5800000)
  from space 1024K, 40% used [0x00000000d5800000,0x00000000d5868020,0x00000000d5900000)
  to   space 512K, 0% used [0x00000000d5980000,0x00000000d5980000,0x00000000d5a00000)
 ParOldGen       total 750080K, used 749803K [0x0000000080000000, 0x00000000adc80000, 0x00000000d5580000)
  object space 750080K, 99% used [0x0000000080000000,0x00000000adc3aee8,0x00000000adc80000)
 Metaspace       used 73236K, committed 74880K, reserved 1179648K
  class space    used 7777K, committed 8512K, reserved 1048576K
}
Event: 335.149 GC heap after
{Heap after GC invocations=996 (full 4):
 PSYoungGen      total 3072K, used 320K [0x00000000d5580000, 0x00000000d5a00000, 0x0000000100000000)
  eden space 2560K, 0% used [0x00000000d5580000,0x00000000d5580000,0x00000000d5800000)
  from space 512K, 62% used [0x00000000d5980000,0x00000000d59d0000,0x00000000d5a00000)
  to   space 512K, 0% used [0x00000000d5900000,0x00000000d5900000,0x00000000d5980000)
 ParOldGen       total 750080K, used 750003K [0x0000000080000000, 0x00000000adc80000, 0x00000000d5580000)
  object space 750080K, 99% used [0x0000000080000000,0x00000000adc6cf08,0x00000000adc80000)
 Metaspace       used 73236K, committed 74880K, reserved 1179648K
  class space    used 7777K, committed 8512K, reserved 1048576K
}
Event: 1385.701 GC heap before
{Heap before GC invocations=997 (full 4):
 PSYoungGen      total 3072K, used 2856K [0x00000000d5580000, 0x00000000d5a00000, 0x0000000100000000)
  eden space 2560K, 99% used [0x00000000d5580000,0x00000000d57fa3a8,0x00000000d5800000)
  from space 512K, 62% used [0x00000000d5980000,0x00000000d59d0000,0x00000000d5a00000)
  to   space 512K, 0% used [0x00000000d5900000,0x00000000d5900000,0x00000000d5980000)
 ParOldGen       total 750080K, used 750003K [0x0000000080000000, 0x00000000adc80000, 0x00000000d5580000)
  object space 750080K, 99% used [0x0000000080000000,0x00000000adc6cf08,0x00000000adc80000)
 Metaspace       used 73408K, committed 75136K, reserved 1179648K
  class space    used 7789K, committed 8576K, reserved 1048576K
}
Event: 1385.992 GC heap after
{Heap after GC invocations=997 (full 4):
 PSYoungGen      total 3072K, used 288K [0x00000000d5580000, 0x00000000d5a00000, 0x0000000100000000)
  eden space 2560K, 0% used [0x00000000d5580000,0x00000000d5580000,0x00000000d5800000)
  from space 512K, 56% used [0x00000000d5900000,0x00000000d5948000,0x00000000d5980000)
  to   space 512K, 0% used [0x00000000d5980000,0x00000000d5980000,0x00000000d5a00000)
 ParOldGen       total 750080K, used 750059K [0x0000000080000000, 0x00000000adc80000, 0x00000000d5580000)
  object space 750080K, 99% used [0x0000000080000000,0x00000000adc7af08,0x00000000adc80000)
 Metaspace       used 73408K, committed 75136K, reserved 1179648K
  class space    used 7789K, committed 8576K, reserved 1048576K
}
Event: 1386.772 GC heap before
{Heap before GC invocations=998 (full 4):
 PSYoungGen      total 3072K, used 2848K [0x00000000d5580000, 0x00000000d5a00000, 0x0000000100000000)
  eden space 2560K, 100% used [0x00000000d5580000,0x00000000d5800000,0x00000000d5800000)
  from space 512K, 56% used [0x00000000d5900000,0x00000000d5948000,0x00000000d5980000)
  to   space 512K, 0% used [0x00000000d5980000,0x00000000d5980000,0x00000000d5a00000)
 ParOldGen       total 750080K, used 750059K [0x0000000080000000, 0x00000000adc80000, 0x00000000d5580000)
  object space 750080K, 99% used [0x0000000080000000,0x00000000adc7af08,0x00000000adc80000)
 Metaspace       used 73701K, committed 75392K, reserved 1179648K
  class space    used 7819K, committed 8576K, reserved 1048576K
}
Event: 1386.776 GC heap after
{Heap after GC invocations=998 (full 4):
 PSYoungGen      total 3072K, used 352K [0x00000000d5580000, 0x00000000d5a00000, 0x0000000100000000)
  eden space 2560K, 0% used [0x00000000d5580000,0x00000000d5580000,0x00000000d5800000)
  from space 512K, 68% used [0x00000000d5980000,0x00000000d59d8020,0x00000000d5a00000)
  to   space 512K, 0% used [0x00000000d5900000,0x00000000d5900000,0x00000000d5980000)
 ParOldGen       total 750592K, used 750123K [0x0000000080000000, 0x00000000add00000, 0x00000000d5580000)
  object space 750592K, 99% used [0x0000000080000000,0x00000000adc8af08,0x00000000add00000)
 Metaspace       used 73701K, committed 75392K, reserved 1179648K
  class space    used 7819K, committed 8576K, reserved 1048576K
}
Event: 1386.940 GC heap before
{Heap before GC invocations=999 (full 4):
 PSYoungGen      total 3072K, used 2909K [0x00000000d5580000, 0x00000000d5a00000, 0x0000000100000000)
  eden space 2560K, 99% used [0x00000000d5580000,0x00000000d57ff6a0,0x00000000d5800000)
  from space 512K, 68% used [0x00000000d5980000,0x00000000d59d8020,0x00000000d5a00000)
  to   space 512K, 0% used [0x00000000d5900000,0x00000000d5900000,0x00000000d5980000)
 ParOldGen       total 750592K, used 750123K [0x0000000080000000, 0x00000000add00000, 0x00000000d5580000)
  object space 750592K, 99% used [0x0000000080000000,0x00000000adc8af08,0x00000000add00000)
 Metaspace       used 74077K, committed 75776K, reserved 1179648K
  class space    used 7856K, committed 8640K, reserved 1048576K
}
Event: 1386.944 GC heap after
{Heap after GC invocations=999 (full 4):
 PSYoungGen      total 3072K, used 224K [0x00000000d5580000, 0x00000000d5a00000, 0x0000000100000000)
  eden space 2560K, 0% used [0x00000000d5580000,0x00000000d5580000,0x00000000d5800000)
  from space 512K, 43% used [0x00000000d5900000,0x00000000d5938000,0x00000000d5980000)
  to   space 512K, 0% used [0x00000000d5980000,0x00000000d5980000,0x00000000d5a00000)
 ParOldGen       total 750592K, used 750284K [0x0000000080000000, 0x00000000add00000, 0x00000000d5580000)
  object space 750592K, 99% used [0x0000000080000000,0x00000000adcb30d8,0x00000000add00000)
 Metaspace       used 74077K, committed 75776K, reserved 1179648K
  class space    used 7856K, committed 8640K, reserved 1048576K
}
Event: 1387.180 GC heap before
{Heap before GC invocations=1000 (full 4):
 PSYoungGen      total 3072K, used 2781K [0x00000000d5580000, 0x00000000d5a00000, 0x0000000100000000)
  eden space 2560K, 99% used [0x00000000d5580000,0x00000000d57ff488,0x00000000d5800000)
  from space 512K, 43% used [0x00000000d5900000,0x00000000d5938000,0x00000000d5980000)
  to   space 512K, 0% used [0x00000000d5980000,0x00000000d5980000,0x00000000d5a00000)
 ParOldGen       total 750592K, used 750284K [0x0000000080000000, 0x00000000add00000, 0x00000000d5580000)
  object space 750592K, 99% used [0x0000000080000000,0x00000000adcb30d8,0x00000000add00000)
 Metaspace       used 74372K, committed 76032K, reserved 1179648K
  class space    used 7892K, committed 8640K, reserved 1048576K
}
Event: 1387.185 GC heap after
{Heap after GC invocations=1000 (full 4):
 PSYoungGen      total 3072K, used 352K [0x00000000d5580000, 0x00000000d5a00000, 0x0000000100000000)
  eden space 2560K, 0% used [0x00000000d5580000,0x00000000d5580000,0x00000000d5800000)
  from space 512K, 68% used [0x00000000d5980000,0x00000000d59d8000,0x00000000d5a00000)
  to   space 512K, 0% used [0x00000000d5900000,0x00000000d5900000,0x00000000d5980000)
 ParOldGen       total 750592K, used 750364K [0x0000000080000000, 0x00000000add00000, 0x00000000d5580000)
  object space 750592K, 99% used [0x0000000080000000,0x00000000adcc70d8,0x00000000add00000)
 Metaspace       used 74372K, committed 76032K, reserved 1179648K
  class space    used 7892K, committed 8640K, reserved 1048576K
}
Event: 1388.238 GC heap before
{Heap before GC invocations=1001 (full 4):
 PSYoungGen      total 3072K, used 2912K [0x00000000d5580000, 0x00000000d5a00000, 0x0000000100000000)
  eden space 2560K, 100% used [0x00000000d5580000,0x00000000d5800000,0x00000000d5800000)
  from space 512K, 68% used [0x00000000d5980000,0x00000000d59d8000,0x00000000d5a00000)
  to   space 512K, 0% used [0x00000000d5900000,0x00000000d5900000,0x00000000d5980000)
 ParOldGen       total 750592K, used 750364K [0x0000000080000000, 0x00000000add00000, 0x00000000d5580000)
  object space 750592K, 99% used [0x0000000080000000,0x00000000adcc70d8,0x00000000add00000)
 Metaspace       used 74679K, committed 76288K, reserved 1179648K
  class space    used 7911K, committed 8640K, reserved 1048576K
}
Event: 1388.241 GC heap after
{Heap after GC invocations=1001 (full 4):
 PSYoungGen      total 3072K, used 511K [0x00000000d5580000, 0x00000000d5a00000, 0x0000000100000000)
  eden space 2560K, 0% used [0x00000000d5580000,0x00000000d5580000,0x00000000d5800000)
  from space 512K, 99% used [0x00000000d5900000,0x00000000d597ffd0,0x00000000d5980000)
  to   space 512K, 0% used [0x00000000d5980000,0x00000000d5980000,0x00000000d5a00000)
 ParOldGen       total 750592K, used 750500K [0x0000000080000000, 0x00000000add00000, 0x00000000d5580000)
  object space 750592K, 99% used [0x0000000080000000,0x00000000adce90d8,0x00000000add00000)
 Metaspace       used 74679K, committed 76288K, reserved 1179648K
  class space    used 7911K, committed 8640K, reserved 1048576K
}
Event: 1389.299 GC heap before
{Heap before GC invocations=1002 (full 4):
 PSYoungGen      total 3072K, used 3071K [0x00000000d5580000, 0x00000000d5a00000, 0x0000000100000000)
  eden space 2560K, 99% used [0x00000000d5580000,0x00000000d57ffe30,0x00000000d5800000)
  from space 512K, 99% used [0x00000000d5900000,0x00000000d597ffd0,0x00000000d5980000)
  to   space 512K, 0% used [0x00000000d5980000,0x00000000d5980000,0x00000000d5a00000)
 ParOldGen       total 750592K, used 750500K [0x0000000080000000, 0x00000000add00000, 0x00000000d5580000)
  object space 750592K, 99% used [0x0000000080000000,0x00000000adce90d8,0x00000000add00000)
 Metaspace       used 75029K, committed 76736K, reserved 1179648K
  class space    used 7936K, committed 8704K, reserved 1048576K
}
Event: 1389.303 GC heap after
{Heap after GC invocations=1002 (full 4):
 PSYoungGen      total 3072K, used 491K [0x00000000d5580000, 0x00000000d5a00000, 0x0000000100000000)
  eden space 2560K, 0% used [0x00000000d5580000,0x00000000d5580000,0x00000000d5800000)
  from space 512K, 96% used [0x00000000d5980000,0x00000000d59faf58,0x00000000d5a00000)
  to   space 1024K, 0% used [0x00000000d5800000,0x00000000d5800000,0x00000000d5900000)
 ParOldGen       total 751104K, used 750680K [0x0000000080000000, 0x00000000add80000, 0x00000000d5580000)
  object space 751104K, 99% used [0x0000000080000000,0x00000000add16010,0x00000000add80000)
 Metaspace       used 75029K, committed 76736K, reserved 1179648K
  class space    used 7936K, committed 8704K, reserved 1048576K
}
Event: 1389.376 GC heap before
{Heap before GC invocations=1003 (full 4):
 PSYoungGen      total 3072K, used 3051K [0x00000000d5580000, 0x00000000d5a00000, 0x0000000100000000)
  eden space 2560K, 100% used [0x00000000d5580000,0x00000000d5800000,0x00000000d5800000)
  from space 512K, 96% used [0x00000000d5980000,0x00000000d59faf58,0x00000000d5a00000)
  to   space 1024K, 0% used [0x00000000d5800000,0x00000000d5800000,0x00000000d5900000)
 ParOldGen       total 752640K, used 752001K [0x0000000080000000, 0x00000000adf00000, 0x00000000d5580000)
  object space 752640K, 99% used [0x0000000080000000,0x00000000ade60790,0x00000000adf00000)
 Metaspace       used 75095K, committed 76736K, reserved 1179648K
  class space    used 7937K, committed 8704K, reserved 1048576K
}
Event: 1389.380 GC heap after
{Heap after GC invocations=1003 (full 4):
 PSYoungGen      total 3584K, used 622K [0x00000000d5580000, 0x00000000d5a00000, 0x0000000100000000)
  eden space 2560K, 0% used [0x00000000d5580000,0x00000000d5580000,0x00000000d5800000)
  from space 1024K, 60% used [0x00000000d5800000,0x00000000d589bb20,0x00000000d5900000)
  to   space 1024K, 0% used [0x00000000d5900000,0x00000000d5900000,0x00000000d5a00000)
 ParOldGen       total 754176K, used 753643K [0x0000000080000000, 0x00000000ae080000, 0x00000000d5580000)
  object space 754176K, 99% used [0x0000000080000000,0x00000000adffaf30,0x00000000ae080000)
 Metaspace       used 75095K, committed 76736K, reserved 1179648K
  class space    used 7937K, committed 8704K, reserved 1048576K
}
Event: 1389.408 GC heap before
{Heap before GC invocations=1004 (full 4):
 PSYoungGen      total 3584K, used 3154K [0x00000000d5580000, 0x00000000d5a00000, 0x0000000100000000)
  eden space 2560K, 98% used [0x00000000d5580000,0x00000000d57f8df8,0x00000000d5800000)
  from space 1024K, 60% used [0x00000000d5800000,0x00000000d589bb20,0x00000000d5900000)
  to   space 1024K, 0% used [0x00000000d5900000,0x00000000d5900000,0x00000000d5a00000)
 ParOldGen       total 754176K, used 753643K [0x0000000080000000, 0x00000000ae080000, 0x00000000d5580000)
  object space 754176K, 99% used [0x0000000080000000,0x00000000adffaf30,0x00000000ae080000)
 Metaspace       used 75114K, committed 76800K, reserved 1179648K
  class space    used 7942K, committed 8704K, reserved 1048576K
}
Event: 1389.412 GC heap after
{Heap after GC invocations=1004 (full 4):
 PSYoungGen      total 3584K, used 860K [0x00000000d5580000, 0x00000000d5a00000, 0x0000000100000000)
  eden space 2560K, 0% used [0x00000000d5580000,0x00000000d5580000,0x00000000d5800000)
  from space 1024K, 84% used [0x00000000d5900000,0x00000000d59d70e0,0x00000000d5a00000)
  to   space 1024K, 0% used [0x00000000d5800000,0x00000000d5800000,0x00000000d5900000)
 ParOldGen       total 755712K, used 754965K [0x0000000080000000, 0x00000000ae200000, 0x00000000d5580000)
  object space 755712K, 99% used [0x0000000080000000,0x00000000ae1456b0,0x00000000ae200000)
 Metaspace       used 75114K, committed 76800K, reserved 1179648K
  class space    used 7942K, committed 8704K, reserved 1048576K
}
Event: 1389.440 GC heap before
{Heap before GC invocations=1005 (full 4):
 PSYoungGen      total 3584K, used 3420K [0x00000000d5580000, 0x00000000d5a00000, 0x0000000100000000)
  eden space 2560K, 100% used [0x00000000d5580000,0x00000000d5800000,0x00000000d5800000)
  from space 1024K, 84% used [0x00000000d5900000,0x00000000d59d70e0,0x00000000d5a00000)
  to   space 1024K, 0% used [0x00000000d5800000,0x00000000d5800000,0x00000000d5900000)
 ParOldGen       total 761856K, used 760710K [0x0000000080000000, 0x00000000ae800000, 0x00000000d5580000)
  object space 761856K, 99% used [0x0000000080000000,0x00000000ae6e1b28,0x00000000ae800000)
 Metaspace       used 75131K, committed 76800K, reserved 1179648K
  class space    used 7944K, committed 8704K, reserved 1048576K
}
Event: 1389.443 GC heap after
{Heap after GC invocations=1005 (full 4):
 PSYoungGen      total 3584K, used 544K [0x00000000d5580000, 0x00000000d5a00000, 0x0000000100000000)
  eden space 2560K, 0% used [0x00000000d5580000,0x00000000d5580000,0x00000000d5800000)
  from space 1024K, 53% used [0x00000000d5800000,0x00000000d5888000,0x00000000d5900000)
  to   space 1024K, 0% used [0x00000000d5900000,0x00000000d5900000,0x00000000d5a00000)
 ParOldGen       total 761856K, used 761319K [0x0000000080000000, 0x00000000ae800000, 0x00000000d5580000)
  object space 761856K, 99% used [0x0000000080000000,0x00000000ae779f58,0x00000000ae800000)
 Metaspace       used 75131K, committed 76800K, reserved 1179648K
  class space    used 7944K, committed 8704K, reserved 1048576K
}

